<?xml version="1.0" encoding="UTF-8"?>
<!-- Generated by org.testng.reporters.JUnitReportReporter -->
<testsuite hostname="KalpanaDS" failures="0" tests="4" name="com.tendable_tech_challenge.testcases.HomePage_TC" time="15.839" errors="0" timestamp="2023-12-06T21:25:13 IST" skipped="0">
  <testcase classname="com.tendable_tech_challenge.testcases.HomePage_TC" name="tendableLink" time="3.721"/>
  <system-out/>
  <testcase classname="com.tendable_tech_challenge.testcases.HomePage_TC" name="ourStory" time="2.697"/>
  <system-out/>
  <testcase classname="com.tendable_tech_challenge.testcases.HomePage_TC" name="ourSolution" time="5.767"/>
  <system-out/>
  <testcase classname="com.tendable_tech_challenge.testcases.HomePage_TC" name="whyTendable" time="3.654"/>
  <system-out/>
</testsuite> <!-- com.tendable_tech_challenge.testcases.HomePage_TC -->
